INFO:gstomd.corpus:Settings : dest_folder documents_archive, pydrive_settings gstomd/test/settings/pydrive_settings.yaml
DEBUG:gstomd:gsuiteTomd  Created
DEBUG:gstomd.corpus:
----F :                     |                              |                    |
DEBUG:gstomd.corpus:.
DEBUG:googleapiclient.discovery:URL being requested: GET https://www.googleapis.com/discovery/v1/apis/drive/v2/rest
DEBUG:googleapiclient.discovery:URL being requested: GET https://www.googleapis.com/drive/v2/files?q=trashed%3Dfalse+and+mimeType%3D%27application%2Fvnd.google-apps.folder%27&maxResults=1000&supportsAllDrives=true&includeItemsFromAllDrives=true&alt=json
DEBUG:gstomd.corpus:329 folders found
DEBUG:gstomd.corpus:
----F :             folder 1|1Jn4RdBzWnNKTr85MAvuG2_tBceTfUFgV|             folder1|
DEBUG:gstomd.corpus:
----F :            For tests|1ldIISbxYSv_s_GTPX7FhrVc_ytVpGHgT|            Fortests|
DEBUG:gstomd.corpus:
----F :   Documents pour CFE|1J3EgSXY0YHNTrOD6eZWe8QKm0-PFgK2c|    DocumentspourCFE|
DEBUG:gstomd.corpus:
----F : Bulletins de souscription|1_R5Eloq0gLS-Q1baaAUx5Z9P4W8zgdiG|Bulletinsdesouscription|
DEBUG:gstomd.corpus:
----F :          Dessins D&M|1jDjcjq3XBwWwonn5vEsDfZ_KEwGsDkIl|           DessinsDM|
DEBUG:gstomd.corpus:
----F :    01- Statuts CA AG|1ev94EgXVbuuEnQbnoAmgN0zO28U5iKRj|       01StatutsCAAG|
DEBUG:gstomd.corpus:
----F :              Modèles|1LaoYUS43b3LADOmCvasCcFQ0jLZnlisx|             Modeles|
DEBUG:gstomd.corpus:
----F :      Plateforme bois|1Xd3yJxvb0Pvl6rPT_6yCkL0-fCfztapC|      Plateformebois|
DEBUG:gstomd.corpus:
----F :      Colab Notebooks|1tAG_kKB67RYr2QrtavkVXzrnsWxl-zFJ|      ColabNotebooks|
DEBUG:gstomd.corpus:
----F :        Screencastify|1NsYFtdxdwn4aEkzvX6h-_hszNg0imCSg|       Screencastify|
DEBUG:gstomd.corpus:
----F :                Zooms|1gzTa9mLLqW8sAVUB1TnSU3DWcuBs6vcq|               Zooms|
DEBUG:gstomd.corpus:
----F :                  _dl|1--LuqWK5Q4gxLSyUBRKsdNDd0D6nCng-|                  dl|
DEBUG:gstomd.corpus:
----F :            Downloads|1-gfHdqC01OCV8w4VW78b6w9WQfNOJnlZ|           Downloads|
DEBUG:gstomd.corpus:
----F :    images_single_doc|19_kwMHH-P4KNi2bmw1iHZ6ABI6Q1CFOo|   images_single_doc|
DEBUG:gstomd.corpus:
----F :           SINGLE_DOC|1TNULfSUXApSmAi2pDIOfb8WrMmTTsoLW|          SINGLE_DOC|
DEBUG:gstomd.corpus:
----F :                 OCOV|1YT8IECNucrNDytGpCWhhskFu4fX0OxK-|                OCOV|
DEBUG:gstomd.corpus:
----F : Ecosysteme_AURORA_Portrait|13pyU5nCItDKgSdtE_oLeYERr5dGPfimR|Ecosysteme_AURORA_Portrait|
DEBUG:gstomd.corpus:
----F : Ecosysteme_Aurora_carre|1MLhz2jgjvLKRIprTRqNTk6yXL3Y3SUYX|Ecosysteme_Aurora_carre|
DEBUG:gstomd.corpus:
----F : Transformation_Numerique|1bAr__jcGSlKfmn7JJkLzPCiLxraxHOoI|Transformation_Numerique|
DEBUG:gstomd.corpus:
----F :                Slide|1fbFKogNYPZlzD2m2STq0MhFKyMrwWtLX|               Slide|
DEBUG:gstomd.corpus:
----F : Transition_numerique_responsable_des_PME.|1Cyu2uLsaQtYQ_xLM-AKB88xMCCowd-79|Transition_numerique_responsable_des_PME|
DEBUG:gstomd.corpus:
----F :      AuRorA-5R_-_PME|1Slp-u_nS1xlB288kCSOIov1TmpSTvnoA|       AuRorA5R__PME|
DEBUG:gstomd.corpus:
----F :         04-Newletter|1cbYG7VrIuck4INmlOZToFK03H_FgC2lz|         04Newletter|
DEBUG:gstomd.corpus:
----F :               PUBLIE|14DqqGgOFKu_8HVE4_n1na3LE5J-_CDKG|              PUBLIE|
DEBUG:gstomd.corpus:
----F :          IN PROGRESS|1xEbBZtkrg21RwhKdTsLy_4LB6T2Mu3qS|          INPROGRESS|
DEBUG:gstomd.corpus:
----F :               images|1SgNsoE-6nhZ8jeZQshabXURGiRjbJkKR|              images|
DEBUG:gstomd.corpus:
----F : 2020-10-14 09:22 Point festival transfo|1QFP1t3NR65TgVZGLwAGE2Fbw5ZzZUI5r|202010140922Pointfestivaltransfo|
DEBUG:gstomd.corpus:
----F : Rapports des réunions|1T_QPlGU79n2bBEiHVx8t_P_lHhmb9Lk8| Rapportsdesreunions|
DEBUG:gstomd.corpus:
----F :                  dev|1tpAR8n01UsziMXddBGqATQIXyVGdHrLW|                 dev|
DEBUG:gstomd.corpus:
----F :           BLOG_POSTS|1cdLwT9o0EjZhxEyqwTGhy1W7bVoQiVpg|          BLOG_POSTS|
DEBUG:gstomd.corpus:
----F :                 BLOG|1lYOmhrpB53qvv4masl7zf044MEcRuFGW|                BLOG|
DEBUG:gstomd.corpus:
----F :      Meet Recordings|1RfyWpplcpoNMQOjuFf0mggKIHWzTrNky|      MeetRecordings|
DEBUG:gstomd.corpus:
----F :          Electralpes|1-zMi2G8ojf0HVTaSzUbc2qmTj-HFJkMI|         Electralpes|
DEBUG:gstomd.corpus:
----F :        00- Templates|1koGB2BZZACETh33pj4TiCVpjiA3hVLgS|         00Templates|
DEBUG:gstomd.corpus:
----F :     03- aurora-5r.fr|1HiByc1Lu3MmhinDzxlWtdPvox1RDILPE|        03aurora5rfr|
DEBUG:gstomd.corpus:
----F :      04- Recrutement|1_aO6LOYh1V0CrWH1lhRIiSXKD4syh4wj|       04Recrutement|
DEBUG:gstomd.corpus:
----F :    03- COMMUNICATION|1TjjEgrTRZDYGOi0ma1u_5HeI1yV2Ww_p|     03COMMUNICATION|
DEBUG:gstomd.corpus:
----F :          02- GENERAL|1tKZYPTE4p7ZT59PjFzVC5F58B3kG04G1|           02GENERAL|
DEBUG:gstomd.corpus:
----F :          01- PROJETS|1b-Oer8eqMQYPaZB-yY5TmaOutIPtnsls|           01PROJETS|
DEBUG:gstomd.corpus:
----F :              updates|1CHciNRJHmsAVFD1qhfJRYT52k-9TOymx|             updates|
DEBUG:gstomd.corpus:
----F :                icons|1CYrUDdMj8R66F9n1CEHtAVueZnuE-ZCk|               icons|
DEBUG:gstomd.corpus:
----F : bypass-paywalls-chrome-master|19c_vj-xq8nLmSQHJr3a2_nzaS8LFGOLO|bypasspaywallschromemaster|
DEBUG:gstomd.corpus:
----F :                  src|1Alv4MKWcQhHD0Bjdo22H-qCIXUNUONzt|                 src|
DEBUG:gstomd.corpus:
----F :                build|1AbYmiXIwhZgybnzYvvMTR-Sn0xLHEc0T|               build|
DEBUG:gstomd.corpus:
----F :       ISSUE_TEMPLATE|1CakuRGZ9GSlrXVeaH1khiiw5Ly75jfQ2|      ISSUE_TEMPLATE|
DEBUG:gstomd.corpus:
----F :              .github|1Au1iD3qri_2vYRyhFpCNV7xH8QrUgKXU|              github|
DEBUG:gstomd.corpus:
----F :                   js|1COx6nSJdJYPc-DNYxzKRqXqJCXxj9LfR|                  js|
DEBUG:gstomd.corpus:
----F :               legacy|1AizVv3fzIu9sU6GhIAtkBP5j09ADLq3S|              legacy|
DEBUG:gstomd.corpus:
----F :                 html|1CHXXOR9UaisizpQOCLfdmXShp4L7WGSE|                html|
DEBUG:gstomd.corpus:
----F :             Bikeslot|1y_VCdzH2dryK8wnjvWR8F0ick_K_Tc4F|            Bikeslot|
DEBUG:gstomd.corpus:
----F :             Examples|1lv7DThK_bTaau3Pc-hOe-20V2rFlT6o_|            Examples|
DEBUG:gstomd.corpus:
----F :          Backgrounds|1pGhiNP6Q7Jm7ncg8G_SV6isCv0fYjmnZ|         Backgrounds|
DEBUG:gstomd.corpus:
----F :           Characters|1y2LbE_lxBRVW7pts1ZAlKDxQCqnauTmX|          Characters|
DEBUG:gstomd.corpus:
----F :              Objects|1FnzSbQamYmCkvo0e2wfo0Y-2fBF1Z-1h|             Objects|
DEBUG:gstomd.corpus:
----F :                  SVG|1kaojfT3VZLV1piF87ohXcjN67lSGtfjD|                 SVG|
DEBUG:gstomd.corpus:
----F :        presentations|14nyBoP84Cyorgky-_WARsfizIzLGkzaf|       presentations|
DEBUG:gstomd.corpus:
----F :           lm.com2014|19VecuKR5maQwgKI8w7Qfx5I3OFobv_qS|           lmcom2014|
DEBUG:gstomd.corpus:
----F :              uploads|19QJrGDpCuCZsj84RH6N_65U3QR6AT7gW|             uploads|
DEBUG:gstomd.corpus:
----F :            languages|1DXZFZjLWhUA-iqvvQoYbuwrUmisyP5SL|           languages|
DEBUG:gstomd.corpus:
----F :               themes|1Ylk87s-vwPaP-aRAzClS_Xq0oQOU2gog|              themes|
DEBUG:gstomd.corpus:
----F :           wp-content|1BLBaUkD2sPmifYfgJQG4Ha9GYW07Zdrf|           wpcontent|
DEBUG:gstomd.corpus:
----F :              plugins|1YcaUyJ9wdmb-mRxalVNJfbpAPUDXLpt9|             plugins|
DEBUG:gstomd.corpus:
----F :          wp-includes|1BAIJbJ1lzuaoSlebFVl91EHic2obrCPd|          wpincludes|
DEBUG:gstomd.corpus:
----F :            wordpress|19aPkIzyU7atGQInZVAkhgxu6lEbbQFBN|           wordpress|
DEBUG:gstomd.corpus:
----F :               themes|1DXf_mkHN-Omjmq_QVfCSFx0sZU7fRxSZ|              themes|
DEBUG:gstomd.corpus:
----F :       format-library|14Uwd5TYRKXa5971b656A5VPZCtXn4vSA|       formatlibrary|
DEBUG:gstomd.corpus:
----F :       template-parts|1Luui1se_nJDxp6TlfTl79vv_HhP94SWT|       templateparts|
DEBUG:gstomd.corpus:
----F :                  inc|1M3T-N5VnsrE8JJ7OufNohABl9XP4dBoT|                 inc|
DEBUG:gstomd.corpus:
----F :                table|1Ki3unEmcV3PUPQi-O26rKN2sMxxpbtpp|               table|
DEBUG:gstomd.corpus:
----F :             archives|1PhdF3yrw4GViTTs0KHkQE3PjTcmWZ4US|            archives|
DEBUG:gstomd.corpus:
----F :                quote|1OyOFHn1DIR5eaYylfKnOdOmrYLJG0Bzw|               quote|
DEBUG:gstomd.corpus:
----F :               themes|1gB6h-Bv25PsUjtVzh7JHzjqKEUFSnFjL|              themes|
DEBUG:gstomd.corpus:
----F :              network|1etW3Fxkn_vOocfjBTtxSBUgSR7HhuomI|             network|
DEBUG:gstomd.corpus:
----F :                  rss|1LiJv7ZhvFh4tVSDMpfqy8Y8SpW9I6RNB|                 rss|
DEBUG:gstomd.corpus:
----F :                image|1SG2Rg8o7BFzPmZCIjjo7zTK5DxpscvKL|               image|
DEBUG:gstomd.corpus:
----F :             includes|1hC5Xjyg6hrxStaa1TLhHzKgHaH5JnGmL|            includes|
DEBUG:gstomd.corpus:
----F :               button|1P_9nExuGrLlegj7uA81H8G2VJFzOUHb2|              button|
DEBUG:gstomd.corpus:
----F :                   ui|1Xj3oK3Qwy8MYXAcxJ_V_woEEn3mPK8dr|                  ui|
DEBUG:gstomd.corpus:
----F :                 Core|1E3PkFNczyK1uUlRDzZyWrqcPBOjekFrc|                Core|
DEBUG:gstomd.corpus:
----F :               search|12W8XUYiXPs2ZLF-5CA1q3T8L6rf1wSo5|              search|
DEBUG:gstomd.corpus:
----F :         mediaelement|1T6NwwkeegTad01wORSX_MUY9Mz8fyw1f|        mediaelement|
DEBUG:gstomd.corpus:
----F :                   hr|1lgoIanYLWi33HGxnqX5HwFAbr2aTtxiY|                  hr|
DEBUG:gstomd.corpus:
----F :            shortcode|1Nl_RQJs0q7vO-_NO56EV5wjjHERFj3Qy|           shortcode|
DEBUG:gstomd.corpus:
----F :              content|1Q10sooA8ThDmaC1QCECmSjy2LPPUA8x7|             content|
DEBUG:gstomd.corpus:
----F :                verse|1Q0fxr--q0uKhbhOpc-8_Xb6_kw1xoL5z|               verse|
DEBUG:gstomd.corpus:
----F :                  ID3|1LDGY6K13KhXUcwmveWCnDDfrXqrzMnxv|                 ID3|
DEBUG:gstomd.corpus:
----F :            lightgray|1jQs6delH7F4PEk3LWkRnWsY9GBNHT9wi|           lightgray|
DEBUG:gstomd.corpus:
----F :                 HTTP|13z0DqLK4FPc1x95evfGyVdWcUvLfiZPC|                HTTP|
DEBUG:gstomd.corpus:
----F :              classic|1S953Zg1EXUOE-PyMmMdmBr8NwkDXA1Sr|             classic|
DEBUG:gstomd.corpus:
----F :               layout|1S-WOy4pWvUeZU7rMKI3BPbc1iKj3Brdy|              layout|
DEBUG:gstomd.corpus:
----F :        random_compat|1Lw8F1weTjU6wkXdj4e2eYrV4rDWxd8Cq|       random_compat|
DEBUG:gstomd.corpus:
----F :          colorpicker|1iyDaCp3EbhgErbV9L0UkSC3KKKeWczgZ|         colorpicker|
DEBUG:gstomd.corpus:
----F :             Response|1svisEihnxiU7QbIsppmZUX5Qny4u0uq5|            Response|
DEBUG:gstomd.corpus:
----F :              primary|1UmwOyd_9MlEGSZe_N0HUcW_-BAov3yte|             primary|
DEBUG:gstomd.corpus:
----F :              wpemoji|1lmOz1DmW7qc6YmbY4tbkcgeMgbw3jvGh|             wpemoji|
DEBUG:gstomd.corpus:
----F :            edit-post|14EpAG3ySCTuKemZdhGJXRlF8B-6Nd3I2|            editpost|
DEBUG:gstomd.corpus:
----F :                 HTML|1CX4jA4S8aIZhZWKq8OSyxIi0EQAwcWFR|                HTML|
DEBUG:gstomd.corpus:
----F :             ChaCha20|1J_SXwbuVVse50ovB_wUaAReeWhX8O_Id|            ChaCha20|
DEBUG:gstomd.corpus:
----F :                  css|1f0FiEhKBvBk02CUEhulmUX7npw_504uq|                 css|
DEBUG:gstomd.corpus:
----F :               header|1Z1GtUOmoLmCZ4SgBGOkW3FNNWYaY0BMI|              header|
DEBUG:gstomd.corpus:
----F :                Cache|1A4Qy1UHRu5jETqnCvhwwC8JxLds0wBXS|               Cache|
DEBUG:gstomd.corpus:
----F :                PHP52|1E0Cu5qV6xclxX7bKvC61gUsOm0gas4q8|               PHP52|
DEBUG:gstomd.corpus:
----F :                   js|1PpgD3ppfPt0ovSQ_I0GwFrr9hZdXJzbF|                  js|
DEBUG:gstomd.corpus:
----F :               Engine|1UpbqL7hQQjJH0Z9MeV8TCleplNU5pSP5|              Engine|
DEBUG:gstomd.corpus:
----F :                  inc|1KX5zJ3yXemavIBiBBZAgAIHlcG0ZfGHK|                 inc|
DEBUG:gstomd.corpus:
----F :      block-directory|14UEkstzQ4pVcJYcCoaNB970eb09D4ATS|      blockdirectory|
DEBUG:gstomd.corpus:
----F :             ChaCha20|1ISjpaBuxyCsVAUIrHRtTX30BkjcN6La9|            ChaCha20|
DEBUG:gstomd.corpus:
----F :                Proxy|1x96qdJjLIbyWqs8ndPPGPzpwBvwbqScB|               Proxy|
DEBUG:gstomd.corpus:
----F :               modern|1rmqgDIOk0l847bRuiy_djw_FrY4WuMfW|              modern|
DEBUG:gstomd.corpus:
----F :              plugins|1DdJrnSlMJ6nJKI8RntQxNvqj0bl3CDsq|             plugins|
DEBUG:gstomd.corpus:
----F :            wpdialogs|1iNJvvLwe-30SN9Cb2gdzTPiGJ8E3Myhx|           wpdialogs|
DEBUG:gstomd.corpus:
----F :                 Text|1LzShGBH2vuNoOVn62XI-EtS7KMowj0mG|                Text|
DEBUG:gstomd.corpus:
----F :                fonts|1Mp3N6AatiM89f8mcCMVWOuwey9DFS33C|               fonts|
DEBUG:gstomd.corpus:
----F :               blocks|1M27WqSpLQx3n3hwZvie8tuC3CV0H8Q6t|              blocks|
DEBUG:gstomd.corpus:
----F :            customize|1M30uID1f0Lf-4DKksVsJu-bOuDb4x4iB|           customize|
DEBUG:gstomd.corpus:
----F :                   js|1LJMU3NkiQsH3m-sOiHMsd3azvINkA8t7|                  js|
DEBUG:gstomd.corpus:
----F :             nextpage|1P3RGHJogSER89lZa1xtu9CHQZG-vJJuJ|            nextpage|
DEBUG:gstomd.corpus:
----F :               jquery|1TAQ0U0Snd0WDWm7USWiwqq9Qw8KebCtH|              jquery|
DEBUG:gstomd.corpus:
----F :              gallery|1Ov0iix1WWd_izCPGJxjB70vWBV0nwzU6|             gallery|
DEBUG:gstomd.corpus:
----F :         text-columns|1PffJWqV0_YjlFM6sikHZ_VjN3VaL7Z5y|         textcolumns|
DEBUG:gstomd.corpus:
----F :           categories|1OnZZeVUoV8ZnoiYN-152NK9D78EkMRaJ|          categories|
DEBUG:gstomd.corpus:
----F :           navigation|1RnBwXI-zcUUw9S6FuOgbMuynGaIRWaxL|          navigation|
DEBUG:gstomd.corpus:
----F :                forms|1R_bnhbT22cBqdM_obcCccBIxQb7HLm17|               forms|
DEBUG:gstomd.corpus:
----F :               Decode|1A3_5WNDTlatpxfhc8hfuiDyU_r9hkPQl|              Decode|
DEBUG:gstomd.corpus:
----F :               images|1hCyua_acZyd7eGo-CQL0wxY-RB_8tl1M|              images|
DEBUG:gstomd.corpus:
----F :                   js|1gvbEvPRw3SoaH1H8qjM85e1lImLbFi5y|                  js|
DEBUG:gstomd.corpus:
----F :            renderers|1Y9nZAS3wIZ7hJkDRzkgPU3fZU-sKczwn|           renderers|
DEBUG:gstomd.corpus:
----F :            pullquote|1SAYlAUJqESN_dobJakzRc-i2FhsSsfk5|           pullquote|
DEBUG:gstomd.corpus:
----F :       template-parts|1VQhPmtwuWTlruaf6CWWUnsCdoURhYppb|       templateparts|
DEBUG:gstomd.corpus:
----F :                  img|1k7eu6YV5QhVetxVUnUcTU5nn7HtTtOeM|                 img|
DEBUG:gstomd.corpus:
----F :               column|1OeB9xIqAcxAtZpzixVIgqCMJtvX4oypa|              column|
DEBUG:gstomd.corpus:
----F :      latest-comments|1PBLQT7petN3IZbGfqseU9Tkh61uPC_LS|      latestcomments|
DEBUG:gstomd.corpus:
----F :             Renderer|1UxZSZr-1BRG4UzstkgijN2jq2ESlpWkG|            Renderer|
DEBUG:gstomd.corpus:
----F :                utils|1g3oJ_XiGp3yxf2PF-l8Jf33lorhIV7hR|               utils|
DEBUG:gstomd.corpus:
----F :            textcolor|1liThz3GeRdSPbOcketOsbGEaTN-5XGmj|           textcolor|
DEBUG:gstomd.corpus:
----F :            wpgallery|1l__lL3bXGoqHs8J47MtaCpLAhEP9h_j0|           wpgallery|
DEBUG:gstomd.corpus:
----F :               assets|1K_DYwO1K6S4HEzKp6ZDr_ZgHGDaSTltc|              assets|
DEBUG:gstomd.corpus:
----F :                   Ge|1MJx7afvqbcQQwIpvBGovORsKk8i_AsR_|                  Ge|
DEBUG:gstomd.corpus:
----F :               footer|1Z4xDWT7P6sMTiL0dZS0cJDEjZcqxE7e7|              footer|
DEBUG:gstomd.corpus:
----F :             thickbox|1VOlPwUSEe7Up-hDxGQSkN62eGfUDvnZy|            thickbox|
DEBUG:gstomd.corpus:
----F :              buttons|1Nn80_6d0K8VqgcyLgei3SQt0fzbQ5bGP|             buttons|
DEBUG:gstomd.corpus:
----F :                fonts|1PueKRwcnmEAQPCxJC6eElCzjLbJqCmsx|               fonts|
DEBUG:gstomd.corpus:
----F :        block-library|14iKHsCb2i1nYa6vpV_LAoWNfeHuBZjh2|        blocklibrary|
DEBUG:gstomd.corpus:
----F :           Curve25519|1GCcixkHNt5MxwENWLcFjdDBZqU0oo5yM|          Curve25519|
DEBUG:gstomd.corpus:
----F :           codemirror|1VH5soHXkQOdu80cCCFsOoZ9AZFfwjlj0|          codemirror|
DEBUG:gstomd.corpus:
----F :            Transport|1xoO-78dO7MgPmQEMtYVZG1EPp3qL7qu0|           Transport|
DEBUG:gstomd.corpus:
----F :            paragraph|1PKlw47B1t0kQ74O9m82WIZ8EbkBo1EdO|           paragraph|
DEBUG:gstomd.corpus:
----F :               Core32|1E2BlPu8oGriTlVjUI58yoT1WQgss2lOx|              Core32|
DEBUG:gstomd.corpus:
----F :                  inc|1Q1K6D8bMZYM-X0Xk5XdIvQUCBkZq7BOx|                 inc|
DEBUG:gstomd.corpus:
----F :               mixins|1RvwQKUPDwEo0j3RGuQbdB3RRrUXbpSXE|              mixins|
DEBUG:gstomd.corpus:
----F :               images|1Lq0P6dEeGXwt_Tl4hdRnaxaK7UbpezMH|              images|
DEBUG:gstomd.corpus:
----F :             Poly1305|1HSHUwE2RmvQtWnpKSMEqo7sD44byB5_F|            Poly1305|
DEBUG:gstomd.corpus:
----F :       template-parts|1KZIlsZP9c6MmYxryS16J5BnGqIa48cXh|       templateparts|
DEBUG:gstomd.corpus:
----F :                   js|1LrPr4t84fmy_4sQ8lT1K9wywib7MYsmM|                  js|
DEBUG:gstomd.corpus:
----F :           typography|1RT6H5eBibB2WPFNBSaIfNBOAGlrE0R_m|          typography|
DEBUG:gstomd.corpus:
----F :                langs|1gK43F1LqZPDtdVbyp7XoFWLFXerkJ-OQ|               langs|
DEBUG:gstomd.corpus:
----F :               assets|1VX1eZxJbphm_nK1tRXN13QRVSVDkrc7d|              assets|
DEBUG:gstomd.corpus:
----F :         block-editor|14Yv2S7WTDdFnAaM1iUHnm99LUW34q-PR|         blockeditor|
DEBUG:gstomd.corpus:
----F :                  css|1Zbt522p14v4egtvX2YfQhKAzWLCOfkyE|                 css|
DEBUG:gstomd.corpus:
----F :           media-text|1P2I0ecxGld_KCrkjx-zKktIdceGvS4WA|           mediatext|
DEBUG:gstomd.corpus:
----F :            separator|1PpDu4knUrNlwpbHDd053hhQBBnfMmg7E|           separator|
DEBUG:gstomd.corpus:
----F :               coffee|1rPNsvl5qELheXyaGrbz7Rs1spw2xJVlj|              coffee|
DEBUG:gstomd.corpus:
----F :                 sass|1Q-9jd_6XFuVbN6MqD0yU7TR9Ch1xwihw|                sass|
DEBUG:gstomd.corpus:
----F :              missing|1OqoPvimuWfUbIhRFX-tyOSIPIsW4qaYc|             missing|
DEBUG:gstomd.corpus:
----F :                light|1rjEvG_iPEglvwYCOx2qIqL0MaJPjKkgG|               light|
DEBUG:gstomd.corpus:
----F :              subhead|1P9xiJmKEZF1HMasqLETQ1GiKDZ-c3_29|             subhead|
DEBUG:gstomd.corpus:
----F :                   js|1Zsm6PtAEt_t2HgaG-aouoqNuY0nCswuB|                  js|
DEBUG:gstomd.corpus:
----F :                Parse|13wf4YbYaBw0dZd4lGFImAUOdb7eL9pTx|               Parse|
DEBUG:gstomd.corpus:
----F :              modules|1TCRbc4XBhjFpoY2Hr-njN2LbaORpOLjh|             modules|
DEBUG:gstomd.corpus:
----F :         SecretStream|1KBFPmpEvZOkrQ3b0tzV99A9bM8GhAqNa|        SecretStream|
DEBUG:gstomd.corpus:
----F :              smilies|1rylaEPaU06GZoWBV2xASjiZNT9qWAN7q|             smilies|
DEBUG:gstomd.corpus:
----F :            swfupload|1VAff-hPqP30GY79xXB1TyxvHFMo-ZMVK|           swfupload|
DEBUG:gstomd.corpus:
----F :                paste|1lsECvcJoTXDypeSk9YE8rLRvjvm0Audy|               paste|
DEBUG:gstomd.corpus:
----F :                media|1rzr3p-290MuHKged06Z0czj-X61E-McL|               media|
DEBUG:gstomd.corpus:
----F :                 HTTP|1xlvHN5vGw871haRTMPzQsbC5ScSpUMK8|                HTTP|
DEBUG:gstomd.corpus:
----F :       directionality|1itvq2I8UOxI6ItmRoyBkjCRfnkD9_xne|      directionality|
DEBUG:gstomd.corpus:
----F :           fullscreen|1itBrA-m8UKaOi12qZFYIyKqWOrbKhxiu|          fullscreen|
DEBUG:gstomd.corpus:
----F :                  nux|14mYsdWxJucC0nQs4nNmfbFqQaKhFBEkE|                 nux|
DEBUG:gstomd.corpus:
----F :             Requests|1KxY3RnJH71ChRQHZleMgmg8H5O714RUd|            Requests|
DEBUG:gstomd.corpus:
----F :               blocks|1TG9_qDUPFQKC4yVyTvKfq_1FyaovRiM1|              blocks|
DEBUG:gstomd.corpus:
----F :             sitemaps|1M57tEq7w0epNtjg8s13cbOOLZ9sqy6vK|            sitemaps|
DEBUG:gstomd.corpus:
----F :               fields|12VTu8hloMnPp-M6V-5PSRwMGUZFc4nya|              fields|
DEBUG:gstomd.corpus:
----F :                  lib|1Bi7j00MlWw-LUL2mCVYIF32-EyOUreey|                 lib|
DEBUG:gstomd.corpus:
----F :                 blue|1rfm9VWUVKvK4X3_mgs_UevC8TC0GK-4-|                blue|
DEBUG:gstomd.corpus:
----F :                 list|1KjF09G9Lj0Ba_ymtNUfYuuE8cE6-MgHs|                list|
DEBUG:gstomd.corpus:
----F :              widgets|18sXY0tReK47HQdZxCVfoYyNwBKDk3rXU|             widgets|
DEBUG:gstomd.corpus:
----F :         theme-compat|1MQZmRvVSQvX9e6vcm1NKQgq-hyVf-lLV|         themecompat|
DEBUG:gstomd.corpus:
----F :      twentyseventeen|1EmKFTTjcJrf5GadrMGsqlOd4aPv27kKP|     twentyseventeen|
DEBUG:gstomd.corpus:
----F :                  XML|142idrDBNwlTaMA_l_C2VyiPXMT2RDIS-|                 XML|
DEBUG:gstomd.corpus:
----F :                  src|1BiUuD61AoGF7PqNWOI3BO3kGD-zcdv6N|                 src|
DEBUG:gstomd.corpus:
----F :           Curve25519|1Jray_zuOQ_OG97JxTYQvv1pOj52hUVgg|          Curve25519|
DEBUG:gstomd.corpus:
----F :        wptextpattern|1lrROYtI9uEr4ayKW0LE37Ax61w0yBgDA|       wptextpattern|
DEBUG:gstomd.corpus:
----F :                video|1LpD4FKSwpSicnI17DXwAsuE47nDb1N4t|               video|
DEBUG:gstomd.corpus:
----F :                 dist|11GRUFvgwIbrAENY3F0ePsbt4xgOmoJR2|                dist|
DEBUG:gstomd.corpus:
----F :               colors|1opcbZ9v0WlknfiZeVo3usWJKAkUxjcjy|              colors|
DEBUG:gstomd.corpus:
----F :             wp-admin|1BINuMk4i8OBLn-xVOA8KzRWeooMvgHFM|             wpadmin|
DEBUG:gstomd.corpus:
----F :         social-links|1P2dg7Un3oJU-fWMiRyTlAXUw00VbCWRx|         sociallinks|
DEBUG:gstomd.corpus:
----F :            wordpress|1jPbPAdJEGeyXlcT4MPbyQ0rDTYNsTDQu|           wordpress|
DEBUG:gstomd.corpus:
----F :                 html|1Pqyaxhk3yuzDAtcUmT25M7fhwoaO_cP1|                html|
DEBUG:gstomd.corpus:
----F :                 Diff|1RwGFxhHgwjDtmznRVmAaygr3rcKX8KKP|                Diff|
DEBUG:gstomd.corpus:
----F :             compat3x|1liGrp0p296mFkOs2PHqHiyzTTmvgugx7|            compat3x|
DEBUG:gstomd.corpus:
----F :               images|1L1oIBOF4sZUiBg3Fe5aHlmgOLuX--L0W|              images|
DEBUG:gstomd.corpus:
----F : list-reusable-blocks|14HCyAVI_5NDyh7c4CTw0XQjVk0S_bAU3|  listreusableblocks|
DEBUG:gstomd.corpus:
----F :               modern|1lZpywXJzQ6Q8iUQiGhcL5cwwqOZ27IuZ|              modern|
DEBUG:gstomd.corpus:
----F :               wpview|1j8WRCrEuYbRCVIcmjWeyJH3R2YRFMEh8|              wpview|
DEBUG:gstomd.corpus:
----F :             elements|1RN-QnxP8bszxO2mo8DskDj6L9cKZjC-9|            elements|
DEBUG:gstomd.corpus:
----F :              sunrise|1reFDp1yAhdc5A17fFwZ6c2MvRUSoGYCk|             sunrise|
DEBUG:gstomd.corpus:
----F :              classes|1PVIO7HxgBqEuGOWiaxiiqZWyh0RS7w6S|             classes|
DEBUG:gstomd.corpus:
----F :          Declaration|18ouGd78VzYbgkJrkPCmfDO6EjzVpoihl|         Declaration|
DEBUG:gstomd.corpus:
----F :        imgareaselect|1T4oRIjXKXZrPJE7kn0tENksZCo_BvylC|       imgareaselect|
DEBUG:gstomd.corpus:
----F :             ChaCha20|1Jn9U2xpbzO44lvwKEzp0s7B5TaLNiMkm|            ChaCha20|
DEBUG:gstomd.corpus:
----F :                 crop|1VJUyChcKXSM7Ws93stxtxqml5wFAxSsM|                crop|
DEBUG:gstomd.corpus:
----F :             Poly1305|1GE5IqYOC4U8rQTRHpKFHBbxPYhd8EFey|            Poly1305|
DEBUG:gstomd.corpus:
----F :                jcrop|1VAr6RIXCnApxlrG3tqde6cfs7l-Dtel9|               jcrop|
DEBUG:gstomd.corpus:
----F :                views|1GBAaNS78ZSjnY3CvqjIAxGd1ZjQeicvT|               views|
DEBUG:gstomd.corpus:
----F :                block|1N8JRhjLxzr6V3fCTdXoqVJQjGoMnNPw1|               block|
DEBUG:gstomd.corpus:
----F :            PHPMailer|1M1jgsAXQ-dhZITt9lGCqppm-rMAs5On0|           PHPMailer|
DEBUG:gstomd.corpus:
----F :                 user|1f2Jku0nJvWKsB73uCj-MRAMFErOMKJEN|                user|
DEBUG:gstomd.corpus:
----F :              crystal|1rxyJPjYQBgb9pktiV7gstEHUVkE3Rzqz|             crystal|
DEBUG:gstomd.corpus:
----F :             rest-api|1MgwHbenDmqL34jVdAbxBFQALiQ_rwAIz|             restapi|
DEBUG:gstomd.corpus:
----F :                lists|1j7m-Vx2GBRqPNNByAiRHhp-E2KFsuMDR|               lists|
DEBUG:gstomd.corpus:
----F :                  wlw|1s1oOtmUF1t9AFrKFhlJAv104eVb6Qci9|                 wlw|
DEBUG:gstomd.corpus:
----F :         twentytwenty|1EphgZXwOKLFvdt96MvEgI9dUo_RQZew0|        twentytwenty|
DEBUG:gstomd.corpus:
----F :                 more|1NjnpM2IU6a9c4AmPUtlskC89dtd81Iug|                more|
DEBUG:gstomd.corpus:
----F :                group|1Q3Zdh_6b2Tgkx08Ot2Mt5B0qYtcZprjN|               group|
DEBUG:gstomd.corpus:
----F :              plugins|1gH82o1Rab9l9cdoyJzkrHHUxLSgtMnJm|             plugins|
DEBUG:gstomd.corpus:
----F :                 Type|1AOkVfmNl1kF3cx2Shy2xJYM98FAHt3nK|                Type|
DEBUG:gstomd.corpus:
----F :                  img|1J0k4wIgnicH8HB4ubWJSdfu7lBYnUXXr|                 img|
DEBUG:gstomd.corpus:
----F :                inter|1OtJ_RBCn_q1Li13FCcAivuD-OZdmVsn5|               inter|
DEBUG:gstomd.corpus:
----F :                   Ge|1NFhaZviFZWC5vFnGvjwxMqvDYZ3Ih8ze|                  Ge|
DEBUG:gstomd.corpus:
----F :              heading|1N2M-unYkolK0J3pamG7KgegLFnEORh3t|             heading|
DEBUG:gstomd.corpus:
----F :              tinymce|1VHasKrSv0QXtJP0-bFZ5IzN63ITm1dqV|             tinymce|
DEBUG:gstomd.corpus:
----F :         SecretStream|1JTM3Gv9t5CwqbyKaC-qVYSs3ZJnE4zjQ|        SecretStream|
DEBUG:gstomd.corpus:
----F :                 code|1S8gqgvTUeyYquQp75O2ZfGSXy68FgQns|                code|
DEBUG:gstomd.corpus:
----F :              Utility|1sfjlnxC3_LfTrFFq_H2xm8OJQt8oy-5Z|             Utility|
DEBUG:gstomd.corpus:
----F :              akismet|1Et1EvN3Xb24EGpHInoD_EZerLLt72tXd|             akismet|
DEBUG:gstomd.corpus:
----F :                  css|1oMu8mVc3xqA39NVLkpAd-gXMx5vcCkq4|                 css|
DEBUG:gstomd.corpus:
----F :                 link|1iRRau0oC8wn_YvYa2Vk3GnRJfGQhHepY|                link|
DEBUG:gstomd.corpus:
----F :           namespaced|1Bia6U9jrMDta4GE0CDMr-HZJiG4VbcGy|          namespaced|
DEBUG:gstomd.corpus:
----F :                image|1l_KDx2Vliix0sHVkkoZQlCGyn-qpZooa|               image|
DEBUG:gstomd.corpus:
----F :                  css|1Lj7GZV2RZ1bElMfJMGhQi_0xWK_sxsUm|                 css|
DEBUG:gstomd.corpus:
----F :       variables-site|1QnxzvCo6pS7ZMoTNmJkZOaX4mT_j6vqM|       variablessite|
DEBUG:gstomd.corpus:
----F :             Poly1305|1JziF5IQIdK2a2a-xsjPdtHpy-3YkkTfB|            Poly1305|
DEBUG:gstomd.corpus:
----F :               vendor|1eCDMaoB074z-Ixe-REZUE3nMYJJW3c28|              vendor|
DEBUG:gstomd.corpus:
----F :                 Core|1ENfFL7Y8wLLYhUdL9jxlv7XbZi8pMJ1U|                Core|
DEBUG:gstomd.corpus:
----F :                media|1j64wq65Kbdb3Q-z5BF7Fk6Y-1hQB4uhS|               media|
DEBUG:gstomd.corpus:
----F :            providers|1DTqNrBUzQSYrKuZxwuk4fzaYnb2Dkw0c|           providers|
DEBUG:gstomd.corpus:
----F :       block-patterns|1LCBO2CTs8YN4JooBeu7nkRkU1xHvPFwS|       blockpatterns|
DEBUG:gstomd.corpus:
----F :                fonts|1k5AeQWikKPsuILhtB_Jn8AE5Gs73--Uk|               fonts|
DEBUG:gstomd.corpus:
----F :            wordpress|1llJIBImm39C7aHeie_6tfFXg8UV2JOhT|           wordpress|
DEBUG:gstomd.corpus:
----F :               search|1Ppk_Ld6f8-AS7SVad2ZTYYKJoV-yI0gA|              search|
DEBUG:gstomd.corpus:
----F :                skins|1gONTriMQ95kU9X7LC7yUh3q2peQix3on|               skins|
DEBUG:gstomd.corpus:
----F :               wplink|1ig2NTWiDeoiiHc9lU6ck_Y7XwUbCVxkY|              wplink|
DEBUG:gstomd.corpus:
----F :         latest-posts|1Lgef-6rnZ4HOKm_npGbZKclK2XBJN13r|         latestposts|
DEBUG:gstomd.corpus:
----F :                 site|1RF6QpSZ0yq1FxdheWpgUIYBhCsKVnRD6|                site|
DEBUG:gstomd.corpus:
----F :            templates|1KZ3hCh8J5mTQWOPBRBD1IZcNSF_w1SNH|           templates|
DEBUG:gstomd.corpus:
----F :                media|1QrjQrBqi_0fQVKO57X_8bXeL68bqg19U|               media|
DEBUG:gstomd.corpus:
----F :               header|1Uqx5HYOk-pIJl_dDRUOgqdJtb47ZFXUb|              header|
DEBUG:gstomd.corpus:
----F :            SimplePie|1MdcP4ZOBF5d4jQWKCi0VuiN9SqNznfMf|           SimplePie|
DEBUG:gstomd.corpus:
----F :               images|1jyFAwjuHVcz3GXeByf6tcMbSm1o0G3KK|              images|
DEBUG:gstomd.corpus:
----F :               assets|1L8Cu__ALFPoFFq76lmkIg6Jp_YxLqbno|              assets|
DEBUG:gstomd.corpus:
----F :                 Auth|1x5Plvo_m0eRVIehR_fipc-zJ9G3lkzce|                Auth|
DEBUG:gstomd.corpus:
----F :                audio|1M4hwxKp4zPOANLA3Q7ls8whbOPtTrGRU|               audio|
DEBUG:gstomd.corpus:
----F :               Base64|1JSIpU36TAWlC8FokwbLcuLdWOUJS8Atx|              Base64|
DEBUG:gstomd.corpus:
----F :       twentynineteen|1EopB-l6QriMLygm6WgoMmqRMW46jVDxt|      twentynineteen|
DEBUG:gstomd.corpus:
----F :                   Ge|1KX74ATZWhq86yCxhyB94aU54_T201v0x|                  Ge|
DEBUG:gstomd.corpus:
----F :                 post|1Z759QJjNuaJglk8SCarJBTKdwVpQ_nkp|                post|
DEBUG:gstomd.corpus:
----F :                 dist|1T1_UNdyXasKPf9r7yjpgDrZhs0SnWvap|                dist|
DEBUG:gstomd.corpus:
----F :              charmap|1iuUuv-zF4YR4CLAwCIw58_mMgtQcv1yZ|             charmap|
DEBUG:gstomd.corpus:
----F :           Curve25519|1JUEeca6IQTPxB6M1WMFE8B_6Ehkdlrul|          Curve25519|
DEBUG:gstomd.corpus:
----F :               spacer|1OkMvGvM9C0pNFbYl5lfxlNW42JIDyqZV|              spacer|
DEBUG:gstomd.corpus:
----F :                  css|1KervmyB6I_gfbfhrrq7PgUZ8lniJ3ORR|                 css|
DEBUG:gstomd.corpus:
----F :          wpeditimage|1iUt0SDKHCN0oN9eqLvfjpHkd14appJHP|         wpeditimage|
DEBUG:gstomd.corpus:
----F :                maint|1h0gACPg4Z4uCVNUvUdiesAbxytweRH2P|               maint|
DEBUG:gstomd.corpus:
----F :                  Net|1ANUpaw98zABY8TUVP1CyLqcwSqe2ml9-|                 Net|
DEBUG:gstomd.corpus:
----F :         preformatted|1PiFobFOpetoml-QwWEjhhfSSo5rU7N4z|        preformatted|
DEBUG:gstomd.corpus:
----F :             calendar|1OjohG8o9HL5VvEp59Emgo8eItE21DwaU|            calendar|
DEBUG:gstomd.corpus:
----F :            ectoplasm|1rRQqCPX1ZnkHW3lfE-bMluzC3BaYI3iX|           ectoplasm|
DEBUG:gstomd.corpus:
----F :               footer|1O0gjGA3O5yj8gTlj7xC1KjsRC9lLtHKL|              footer|
DEBUG:gstomd.corpus:
----F :              classes|1KUqK2u0KPa_GgZQNGhvN5DIjMm3H3UwO|             classes|
DEBUG:gstomd.corpus:
----F :         wpautoresize|1iK6Ci2zPROOk8ikRIagrcEne4N9aD6Xm|        wpautoresize|
DEBUG:gstomd.corpus:
----F :            Exception|1sorx7lRpLHqJoAm-0PT180wghUvamo72|           Exception|
DEBUG:gstomd.corpus:
----F :               footer|1UkuMlijDApzUqXalmw8tBsMV-ua_Puhu|              footer|
DEBUG:gstomd.corpus:
----F :        sodium_compat|1MOeLm5Gr34aty6mKHwWwGd3pf29d1twP|       sodium_compat|
DEBUG:gstomd.corpus:
----F :                 page|1ZHU3i9qMJxYhDpQt2LSbuRnddSXCs_Dz|                page|
DEBUG:gstomd.corpus:
----F :                  IXR|1LxzWiOid5Z_xfqfZQ864jYuV3AXSaFhn|                 IXR|
DEBUG:gstomd.corpus:
----F :                 post|1O3_trIKI6YK692nCKkK_5AaejC1clX5F|                post|
DEBUG:gstomd.corpus:
----F :            Transport|1sbTsNXIHOuK76AHOxeijw7YXDAE4ZcHA|           Transport|
DEBUG:gstomd.corpus:
----F :                fonts|1Lm-2gwVO2q716dg2ZtqCqM48ctl92Mlu|               fonts|
DEBUG:gstomd.corpus:
----F :           navigation|1ZbnOZukCaUYtM3CnB3Ii0usFupvN4rWC|          navigation|
DEBUG:gstomd.corpus:
----F :               editor|14KvIWJzvHnrtAdWAlXdNOUBMdW2DD2Mw|              editor|
DEBUG:gstomd.corpus:
----F :          social-link|1M-x30lB1CjkXetJIyLesdtZYDnQ-XFHY|          sociallink|
DEBUG:gstomd.corpus:
----F :                 file|1NidwjCrOmFSWJGDwNnbxqwarcowt1GRp|                file|
DEBUG:gstomd.corpus:
----F :              Content|13rm7dJww7FYfooeIRDyoExO6esvbT_71|             Content|
DEBUG:gstomd.corpus:
----F :               header|1NrtTxgNt7tZZHfWl55jCyBNgxlexHtxv|              header|
DEBUG:gstomd.corpus:
----F :             midnight|1re5xZJGm1PFBqr0xH3fXJh56U5mCLDbe|            midnight|
DEBUG:gstomd.corpus:
----F :                 pomo|1M7QvzDabu0nbj0GjO9avhduyiTGHLm5G|                pomo|
DEBUG:gstomd.corpus:
----F :                ocean|1rUy_9yfI2jNLJgvs1x8FyYlKHDMt_bFd|               ocean|
DEBUG:gstomd.corpus:
----F :               Cookie|1svXkjUeRLiou4zFxKFuIfHYiU0KhK6pS|              Cookie|
DEBUG:gstomd.corpus:
----F :            secondary|1Us5q1bFHTzbnAgXMd08DP2wKJLudw8n8|           secondary|
DEBUG:gstomd.corpus:
----F :            endpoints|12O0t0YBFU7jfn-VGLpTUYa3iTLjMvvSg|           endpoints|
DEBUG:gstomd.corpus:
----F :            tag-cloud|1NjLy1cOe4YSHUgjOxZDvh_OKFiqkz5cY|            tagcloud|
DEBUG:gstomd.corpus:
----F :           components|14QGW6uV0HnTMwl9bKjcR803Bgnj-y8yD|          components|
DEBUG:gstomd.corpus:
----F :              widgets|1MaWmYhwIK7JUcxpGFh0ACrf-KTDfaE1-|             widgets|
DEBUG:gstomd.corpus:
----F :             tabfocus|1luxC5PnXH8CZSeur65PXXBx3mUe7eIpT|            tabfocus|
DEBUG:gstomd.corpus:
----F :               images|1ZdeISvbgJxSOpnHOoBwDXxU3vqoKfkud|              images|
DEBUG:gstomd.corpus:
----F :               inlite|1lROBEuoiHKyQQCLmOViR6jEv9Igh6vbj|              inlite|
DEBUG:gstomd.corpus:
----F :              columns|1Pg2EUCGSnydpDjxcQ9OmRHSfX9t7KnhG|             columns|
DEBUG:gstomd.corpus:
----F :             plupload|1StWJhynjcCkdvNCM6P4FLQbYjD3zTlTb|            plupload|
DEBUG:gstomd.corpus:
----F :         certificates|1L5T_ZYpYdmdKyj2gXMzntW9MhUsxBNBl|        certificates|
DEBUG:gstomd.corpus:
----F :                 _inc|1G980jjO49lkPFLFY_z1-ypUkvAHKH4rZ|                 inc|
DEBUG:gstomd.corpus:
----F :             Examples|17xrhTDaWhJpiJdRnzbbxWqoMKAIfxVo2|            Examples|
DEBUG:gstomd.corpus:
----F :          Backgrounds|138M_ul_tJQpI_zZPXZ0mb69_PRMBronL|         Backgrounds|
DEBUG:gstomd.corpus:
----F :           Characters|1jIf72IAo-cWFN1vz7vm1kgnU--Ytqg-H|          Characters|
DEBUG:gstomd.corpus:
----F :              Objects|1y-TdyJnWW7jvRKnPkx2GGFxfblKWtNns|             Objects|
DEBUG:gstomd.corpus:
----F :                  SVG|1wxQLUwRinRmQ0ki8yBZpP3hnHdt58p6r|                 SVG|
DEBUG:gstomd.corpus:
----F :        presentations|1RjB-1YRcxb5RkU6hwmiumOTdwrZYdPW-|       presentations|
DEBUG:gstomd.corpus:
----F :                canva|1Zk5ZkRWvhKGaww7sSvK8A0qVxLiURWEw|               canva|
DEBUG:gstomd.corpus:
----F :                  MSS|1jj6PQVvMGl42avPZCbE_epw6zPvgD0ei|                 MSS|
DEBUG:gstomd.corpus:
----F :                  IoT|1_zjgXYV8o0SqZdw4FJwBOO7RSCKiYEqn|                 IoT|
DEBUG:gstomd.corpus:
----F :                  LVL|16Au48xpzrA7s7GNAZIl4AQrL3rFVN5YV|                 LVL|
DEBUG:gstomd.corpus:
----F :                   5R|1qFJ7vVabGfrz1GV9HJHabWC1T9HaQ89S|                  5R|
DEBUG:gstomd.corpus:
----F :        Projet_AURorA|1Ttv10LXDaWvRAJ18iW6t2uH85PgO3CAH|       Projet_AURorA|
DEBUG:gstomd.corpus:
----F :          Gouvernance|1xowdkjBb_conoDtbyq5UgrZFdjbchBSv|         Gouvernance|
DEBUG:gstomd.corpus:
----F :    Ecosysteme_AURORA|1D7y8xij0X58yeo0yith_2YacgobYL44g|   Ecosysteme_AURORA|
DEBUG:gstomd.corpus:
----F :       docs for tests|1boZ4IrplD_ZMFPCRIvY-WPL06JWWDBI5|        docsfortests|
DEBUG:gstomd.corpus:
----F :        SLIDES_COMPIL|1VdSMSYCgKyZQ3l5YThoTjsjGKgkg15A-|       SLIDES_COMPIL|
DEBUG:gstomd.corpus:
----F :           DOC_COMPIL|1I5UzSVuLEiFu_J52pMLlcCqbOuN-Wf-h|          DOC_COMPIL|
DEBUG:gstomd.corpus:parent id 0AC7RV9AOuAq_Uk9PVA not found 
DEBUG:gstomd.corpus:parent id 0AJas8EfRtCKRUk9PVA not found 
DEBUG:gstomd.corpus:parent id 0AJas8EfRtCKRUk9PVA not found 
DEBUG:gstomd.corpus:parent id  not found 
DEBUG:gstomd.corpus:parent id 0AJas8EfRtCKRUk9PVA not found 
DEBUG:gstomd.corpus:parent id  not found 
DEBUG:gstomd.corpus:parent id 0AJas8EfRtCKRUk9PVA not found 
DEBUG:gstomd.corpus:parent id 0AIZGD5MSHiIcUk9PVA not found 
DEBUG:gstomd.corpus:parent id 0AIZGD5MSHiIcUk9PVA not found 
DEBUG:gstomd.corpus:parent id 0AIZGD5MSHiIcUk9PVA not found 
DEBUG:gstomd.corpus:parent id 0AIZGD5MSHiIcUk9PVA not found 
DEBUG:gstomd.corpus:Query for files : trashed=false and mimeType='application/vnd.google-apps.document' and ('14DqqGgOFKu_8HVE4_n1na3LE5J-_CDKG' in parents or '1xEbBZtkrg21RwhKdTsLy_4LB6T2Mu3qS' in parents)
DEBUG:googleapiclient.discovery:URL being requested: GET https://www.googleapis.com/drive/v2/files?q=trashed%3Dfalse+and+mimeType%3D%27application%2Fvnd.google-apps.document%27+and+%28%2714DqqGgOFKu_8HVE4_n1na3LE5J-_CDKG%27+in+parents+or+%271xEbBZtkrg21RwhKdTsLy_4LB6T2Mu3qS%27+in+parents%29&maxResults=1000&supportsAllDrives=true&includeItemsFromAllDrives=true&alt=json
DEBUG:gstomd.corpus:3 files found
DEBUG:gstomd.corpus:Doc found 
----D :               modèle|1L7X4HgPVPJyyYH3Uf4-4jGCm5iAEUc3kmrFQi_Aputg|              modele|
DEBUG:gstomd.corpus:doc added as children of 
--------F :          IN PROGRESS|1xEbBZtkrg21RwhKdTsLy_4LB6T2Mu3qS|          INPROGRESS|documents_archive/new_posts/2021.01.12.09.01.51/INPROGRESS
----D :               modèle|1L7X4HgPVPJyyYH3Uf4-4jGCm5iAEUc3kmrFQi_Aputg|              modele|
DEBUG:gstomd.corpus:Doc found 
----D : Article dans Udimag-2|1OyrSeVTPopS4rrJfZWSR1ebbXXPgYgYQ9aIo_5gULlU|  ArticledansUdimag2|
DEBUG:gstomd.corpus:doc added as children of 
--------F :               PUBLIE|14DqqGgOFKu_8HVE4_n1na3LE5J-_CDKG|              PUBLIE|documents_archive/new_posts/2021.01.12.09.01.51/PUBLIE
----D : Article dans Udimag-2|1OyrSeVTPopS4rrJfZWSR1ebbXXPgYgYQ9aIo_5gULlU|  ArticledansUdimag2|
DEBUG:gstomd.corpus:Doc found 
----D : Une entreprise numérique ?|1j83LoMiRQDuqBvGSxwgOaYiGhcdn6CLuKsFel4EvhNY|Uneentreprisenumerique|
DEBUG:gstomd.corpus:doc added as children of 
--------F :          IN PROGRESS|1xEbBZtkrg21RwhKdTsLy_4LB6T2Mu3qS|          INPROGRESS|documents_archive/new_posts/2021.01.12.09.01.51/INPROGRESS
----D :               modèle|1L7X4HgPVPJyyYH3Uf4-4jGCm5iAEUc3kmrFQi_Aputg|              modele|
----D : Une entreprise numérique ?|1j83LoMiRQDuqBvGSxwgOaYiGhcdn6CLuKsFel4EvhNY|Uneentreprisenumerique|
DEBUG:gstomd.corpus:
----F : BLOG- ABANDONNE (forestry.io)|1Ue7U59r_oBXnuAtIOFkb8KGeTKAEZrkf|BLOGABANDONNEforestryio|documents_archive/new_posts/2021.01.12.09.01.51
--------F :               PUBLIE|14DqqGgOFKu_8HVE4_n1na3LE5J-_CDKG|              PUBLIE|documents_archive/new_posts/2021.01.12.09.01.51/PUBLIE
------------D : Article dans Udimag-2|1OyrSeVTPopS4rrJfZWSR1ebbXXPgYgYQ9aIo_5gULlU|  ArticledansUdimag2|documents_archive/new_posts/2021.01.12.09.01.51/PUBLIE/ArticledansUdimag2
--------F :          IN PROGRESS|1xEbBZtkrg21RwhKdTsLy_4LB6T2Mu3qS|          INPROGRESS|documents_archive/new_posts/2021.01.12.09.01.51/INPROGRESS
------------D :               modèle|1L7X4HgPVPJyyYH3Uf4-4jGCm5iAEUc3kmrFQi_Aputg|              modele|documents_archive/new_posts/2021.01.12.09.01.51/INPROGRESS/modele
------------D : Une entreprise numérique ?|1j83LoMiRQDuqBvGSxwgOaYiGhcdn6CLuKsFel4EvhNY|Uneentreprisenumerique|documents_archive/new_posts/2021.01.12.09.01.51/INPROGRESS/Uneentreprisenumerique
DEBUG:gstomd.corpus:fetch content for 
------------D : Article dans Udimag-2|1OyrSeVTPopS4rrJfZWSR1ebbXXPgYgYQ9aIo_5gULlU|  ArticledansUdimag2|documents_archive/new_posts/2021.01.12.09.01.51/PUBLIE/ArticledansUdimag2
DEBUG:gstomd.corpus:fetch content for 
------------D :               modèle|1L7X4HgPVPJyyYH3Uf4-4jGCm5iAEUc3kmrFQi_Aputg|              modele|documents_archive/new_posts/2021.01.12.09.01.51/INPROGRESS/modele
DEBUG:gstomd.corpus:fetch content for 
------------D : Une entreprise numérique ?|1j83LoMiRQDuqBvGSxwgOaYiGhcdn6CLuKsFel4EvhNY|Uneentreprisenumerique|documents_archive/new_posts/2021.01.12.09.01.51/INPROGRESS/Uneentreprisenumerique
